mode: set
github.com/Javlopez/cloud-builder/args/reader.go:18.44,20.2 1 0
github.com/Javlopez/cloud-builder/args/reader.go:22.39,23.35 1 1
github.com/Javlopez/cloud-builder/args/reader.go:28.2,28.14 1 1
github.com/Javlopez/cloud-builder/args/reader.go:23.35,24.17 1 1
github.com/Javlopez/cloud-builder/args/reader.go:24.17,26.4 1 0
github.com/Javlopez/cloud-builder/args/reader.go:32.54,33.20 1 1
github.com/Javlopez/cloud-builder/args/reader.go:36.2,38.31 2 1
github.com/Javlopez/cloud-builder/args/reader.go:41.2,43.8 1 0
github.com/Javlopez/cloud-builder/args/reader.go:33.20,35.3 1 1
github.com/Javlopez/cloud-builder/args/reader.go:38.31,40.3 1 1
github.com/Javlopez/cloud-builder/spec/types/spec.go:26.49,29.16 3 1
github.com/Javlopez/cloud-builder/spec/types/spec.go:33.2,34.16 2 1
github.com/Javlopez/cloud-builder/spec/types/spec.go:39.2,39.18 1 1
github.com/Javlopez/cloud-builder/spec/types/spec.go:29.16,31.3 1 1
github.com/Javlopez/cloud-builder/spec/types/spec.go:34.16,36.3 1 1
github.com/Javlopez/cloud-builder/spec/types/spec.go:50.36,51.29 1 1
github.com/Javlopez/cloud-builder/spec/types/spec.go:54.2,54.26 1 1
github.com/Javlopez/cloud-builder/spec/types/spec.go:57.2,57.25 1 1
github.com/Javlopez/cloud-builder/spec/types/spec.go:60.2,60.21 1 1
github.com/Javlopez/cloud-builder/spec/types/spec.go:63.2,63.12 1 1
github.com/Javlopez/cloud-builder/spec/types/spec.go:51.29,53.3 1 1
github.com/Javlopez/cloud-builder/spec/types/spec.go:54.26,56.3 1 1
github.com/Javlopez/cloud-builder/spec/types/spec.go:57.25,59.3 1 1
github.com/Javlopez/cloud-builder/spec/types/spec.go:60.21,62.3 1 1
